2022-04-30 08:27:16.014,GET "/login", parameters={}
2022-04-30 08:27:21.272,aleix2 enters app
2022-04-30 08:27:21.382,GET "/StrategicIndicators/CurrentChart", parameters={}
2022-04-30 08:27:24.425,GET "/StrategicIndicators/CurrentChart", parameters={}
2022-04-30 08:27:26.762,request [GET http://localhost:9200/strategic_indicators.demo/_search?typed_keys=true&ignore_unavailable=false&expand_wildcards=open&allow_no_indices=true&search_type=query_then_fetch&batched_reduce_size=512] failed
java.net.ConnectException: Timeout connecting to [localhost/127.0.0.1:9200]
	at org.apache.http.nio.pool.RouteSpecificPool.timeout(RouteSpecificPool.java:169)
	at org.apache.http.nio.pool.AbstractNIOConnPool.requestTimeout(AbstractNIOConnPool.java:628)
	at org.apache.http.nio.pool.AbstractNIOConnPool$InternalSessionRequestCallback.timeout(AbstractNIOConnPool.java:894)
	at org.apache.http.impl.nio.reactor.SessionRequestImpl.timeout(SessionRequestImpl.java:183)
	at org.apache.http.impl.nio.reactor.DefaultConnectingIOReactor.processTimeouts(DefaultConnectingIOReactor.java:210)
	at org.apache.http.impl.nio.reactor.DefaultConnectingIOReactor.processEvents(DefaultConnectingIOReactor.java:155)
	at org.apache.http.impl.nio.reactor.AbstractMultiworkerIOReactor.execute(AbstractMultiworkerIOReactor.java:351)
	at org.apache.http.impl.nio.conn.PoolingNHttpClientConnectionManager.execute(PoolingNHttpClientConnectionManager.java:221)
	at org.apache.http.impl.nio.client.CloseableHttpAsyncClientBase$1.run(CloseableHttpAsyncClientBase.java:64)
	at java.lang.Thread.run(Thread.java:748)
2022-04-30 08:27:26.777,"ERROR" dispatch for GET "/error?profile=null&_=1651300044596&prj=demo", parameters={masked}
2022-04-30 08:27:34.320,GET "/logout_user", parameters={}
2022-04-30 08:27:34.366,aleix2 exits app
2022-04-30 08:27:34.374,GET "/login", parameters={}
2022-04-30 08:27:49.723,aleix2 enters app
2022-04-30 08:27:49.771,GET "/StrategicIndicators/CurrentChart", parameters={}
2022-04-30 08:27:51.538,request [GET http://localhost:9200/strategic_indicators.demo/_search?typed_keys=true&ignore_unavailable=false&expand_wildcards=open&allow_no_indices=true&search_type=query_then_fetch&batched_reduce_size=512] failed
java.net.ConnectException: Timeout connecting to [localhost/127.0.0.1:9200]
	at org.apache.http.nio.pool.RouteSpecificPool.timeout(RouteSpecificPool.java:169)
	at org.apache.http.nio.pool.AbstractNIOConnPool.requestTimeout(AbstractNIOConnPool.java:628)
	at org.apache.http.nio.pool.AbstractNIOConnPool$InternalSessionRequestCallback.timeout(AbstractNIOConnPool.java:894)
	at org.apache.http.impl.nio.reactor.SessionRequestImpl.timeout(SessionRequestImpl.java:183)
	at org.apache.http.impl.nio.reactor.DefaultConnectingIOReactor.processTimeouts(DefaultConnectingIOReactor.java:210)
	at org.apache.http.impl.nio.reactor.DefaultConnectingIOReactor.processEvents(DefaultConnectingIOReactor.java:155)
	at org.apache.http.impl.nio.reactor.AbstractMultiworkerIOReactor.execute(AbstractMultiworkerIOReactor.java:351)
	at org.apache.http.impl.nio.conn.PoolingNHttpClientConnectionManager.execute(PoolingNHttpClientConnectionManager.java:221)
	at org.apache.http.impl.nio.client.CloseableHttpAsyncClientBase$1.run(CloseableHttpAsyncClientBase.java:64)
	at java.lang.Thread.run(Thread.java:748)
2022-04-30 08:27:51.539,"ERROR" dispatch for GET "/error?profile=null&_=1651300069926&prj=demo", parameters={masked}
2022-04-30 08:36:06.059,GET "/DetailedStrategicIndicators/CurrentChartRadar", parameters={}
2022-04-30 08:36:07.739,request [GET http://localhost:9200/strategic_indicators.demo/_search?typed_keys=true&ignore_unavailable=false&expand_wildcards=open&allow_no_indices=true&search_type=query_then_fetch&batched_reduce_size=512] failed
java.net.ConnectException: Timeout connecting to [localhost/127.0.0.1:9200]
	at org.apache.http.nio.pool.RouteSpecificPool.timeout(RouteSpecificPool.java:169)
	at org.apache.http.nio.pool.AbstractNIOConnPool.requestTimeout(AbstractNIOConnPool.java:628)
	at org.apache.http.nio.pool.AbstractNIOConnPool$InternalSessionRequestCallback.timeout(AbstractNIOConnPool.java:894)
	at org.apache.http.impl.nio.reactor.SessionRequestImpl.timeout(SessionRequestImpl.java:183)
	at org.apache.http.impl.nio.reactor.DefaultConnectingIOReactor.processTimeouts(DefaultConnectingIOReactor.java:210)
	at org.apache.http.impl.nio.reactor.DefaultConnectingIOReactor.processEvents(DefaultConnectingIOReactor.java:155)
	at org.apache.http.impl.nio.reactor.AbstractMultiworkerIOReactor.execute(AbstractMultiworkerIOReactor.java:351)
	at org.apache.http.impl.nio.conn.PoolingNHttpClientConnectionManager.execute(PoolingNHttpClientConnectionManager.java:221)
	at org.apache.http.impl.nio.client.CloseableHttpAsyncClientBase$1.run(CloseableHttpAsyncClientBase.java:64)
	at java.lang.Thread.run(Thread.java:748)
2022-04-30 08:36:07.740,"ERROR" dispatch for GET "/error?profile=null&_=1651300566238&prj=demo", parameters={masked}
2022-04-30 16:45:11.265,GET "/DetailedStrategicIndicators/CurrentChartRadar", parameters={}
2022-04-30 16:45:13.058,request [GET http://localhost:9200/strategic_indicators.demo/_search?typed_keys=true&ignore_unavailable=false&expand_wildcards=open&allow_no_indices=true&search_type=query_then_fetch&batched_reduce_size=512] failed
java.net.ConnectException: Timeout connecting to [localhost/127.0.0.1:9200]
	at org.apache.http.nio.pool.RouteSpecificPool.timeout(RouteSpecificPool.java:169)
	at org.apache.http.nio.pool.AbstractNIOConnPool.requestTimeout(AbstractNIOConnPool.java:628)
	at org.apache.http.nio.pool.AbstractNIOConnPool$InternalSessionRequestCallback.timeout(AbstractNIOConnPool.java:894)
	at org.apache.http.impl.nio.reactor.SessionRequestImpl.timeout(SessionRequestImpl.java:183)
	at org.apache.http.impl.nio.reactor.DefaultConnectingIOReactor.processTimeouts(DefaultConnectingIOReactor.java:210)
	at org.apache.http.impl.nio.reactor.DefaultConnectingIOReactor.processEvents(DefaultConnectingIOReactor.java:155)
	at org.apache.http.impl.nio.reactor.AbstractMultiworkerIOReactor.execute(AbstractMultiworkerIOReactor.java:351)
	at org.apache.http.impl.nio.conn.PoolingNHttpClientConnectionManager.execute(PoolingNHttpClientConnectionManager.java:221)
	at org.apache.http.impl.nio.client.CloseableHttpAsyncClientBase$1.run(CloseableHttpAsyncClientBase.java:64)
	at java.lang.Thread.run(Thread.java:748)
2022-04-30 16:45:13.060,"ERROR" dispatch for GET "/error?profile=null&_=1651300591250&prj=demo", parameters={masked}
2022-04-30 16:45:13.414,GET "/DetailedStrategicIndicators/CurrentChartRadar", parameters={}
2022-04-30 16:45:15.254,GET "/StrategicIndicators/CurrentChart", parameters={}
2022-04-30 16:45:15.280,request [GET http://localhost:9200/strategic_indicators.demo/_search?typed_keys=true&ignore_unavailable=false&expand_wildcards=open&allow_no_indices=true&search_type=query_then_fetch&batched_reduce_size=512] failed
java.net.ConnectException: Timeout connecting to [localhost/127.0.0.1:9200]
	at org.apache.http.nio.pool.RouteSpecificPool.timeout(RouteSpecificPool.java:169)
	at org.apache.http.nio.pool.AbstractNIOConnPool.requestTimeout(AbstractNIOConnPool.java:628)
	at org.apache.http.nio.pool.AbstractNIOConnPool$InternalSessionRequestCallback.timeout(AbstractNIOConnPool.java:894)
	at org.apache.http.impl.nio.reactor.SessionRequestImpl.timeout(SessionRequestImpl.java:183)
	at org.apache.http.impl.nio.reactor.DefaultConnectingIOReactor.processTimeouts(DefaultConnectingIOReactor.java:210)
	at org.apache.http.impl.nio.reactor.DefaultConnectingIOReactor.processEvents(DefaultConnectingIOReactor.java:155)
	at org.apache.http.impl.nio.reactor.AbstractMultiworkerIOReactor.execute(AbstractMultiworkerIOReactor.java:351)
	at org.apache.http.impl.nio.conn.PoolingNHttpClientConnectionManager.execute(PoolingNHttpClientConnectionManager.java:221)
	at org.apache.http.impl.nio.client.CloseableHttpAsyncClientBase$1.run(CloseableHttpAsyncClientBase.java:64)
	at java.lang.Thread.run(Thread.java:748)
2022-04-30 16:45:15.282,"ERROR" dispatch for GET "/error?profile=null&_=1651300593434&prj=demo", parameters={masked}
2022-04-30 16:45:16.104,GET "/DetailedStrategicIndicators/CurrentChartRadar", parameters={}
2022-04-30 16:45:17.906,request [GET http://localhost:9200/strategic_indicators.demo/_search?typed_keys=true&ignore_unavailable=false&expand_wildcards=open&allow_no_indices=true&search_type=query_then_fetch&batched_reduce_size=512] failed
java.net.ConnectException: Timeout connecting to [localhost/127.0.0.1:9200]
	at org.apache.http.nio.pool.RouteSpecificPool.timeout(RouteSpecificPool.java:169)
	at org.apache.http.nio.pool.AbstractNIOConnPool.requestTimeout(AbstractNIOConnPool.java:628)
	at org.apache.http.nio.pool.AbstractNIOConnPool$InternalSessionRequestCallback.timeout(AbstractNIOConnPool.java:894)
	at org.apache.http.impl.nio.reactor.SessionRequestImpl.timeout(SessionRequestImpl.java:183)
	at org.apache.http.impl.nio.reactor.DefaultConnectingIOReactor.processTimeouts(DefaultConnectingIOReactor.java:210)
	at org.apache.http.impl.nio.reactor.DefaultConnectingIOReactor.processEvents(DefaultConnectingIOReactor.java:155)
	at org.apache.http.impl.nio.reactor.AbstractMultiworkerIOReactor.execute(AbstractMultiworkerIOReactor.java:351)
	at org.apache.http.impl.nio.conn.PoolingNHttpClientConnectionManager.execute(PoolingNHttpClientConnectionManager.java:221)
	at org.apache.http.impl.nio.client.CloseableHttpAsyncClientBase$1.run(CloseableHttpAsyncClientBase.java:64)
	at java.lang.Thread.run(Thread.java:748)
2022-04-30 16:45:17.908,request [GET http://localhost:9200/strategic_indicators.demo/_search?typed_keys=true&ignore_unavailable=false&expand_wildcards=open&allow_no_indices=true&search_type=query_then_fetch&batched_reduce_size=512] failed
java.net.ConnectException: Timeout connecting to [localhost/127.0.0.1:9200]
	at org.apache.http.nio.pool.RouteSpecificPool.timeout(RouteSpecificPool.java:169)
	at org.apache.http.nio.pool.AbstractNIOConnPool.requestTimeout(AbstractNIOConnPool.java:628)
	at org.apache.http.nio.pool.AbstractNIOConnPool$InternalSessionRequestCallback.timeout(AbstractNIOConnPool.java:894)
	at org.apache.http.impl.nio.reactor.SessionRequestImpl.timeout(SessionRequestImpl.java:183)
	at org.apache.http.impl.nio.reactor.DefaultConnectingIOReactor.processTimeouts(DefaultConnectingIOReactor.java:210)
	at org.apache.http.impl.nio.reactor.DefaultConnectingIOReactor.processEvents(DefaultConnectingIOReactor.java:155)
	at org.apache.http.impl.nio.reactor.AbstractMultiworkerIOReactor.execute(AbstractMultiworkerIOReactor.java:351)
	at org.apache.http.impl.nio.conn.PoolingNHttpClientConnectionManager.execute(PoolingNHttpClientConnectionManager.java:221)
	at org.apache.http.impl.nio.client.CloseableHttpAsyncClientBase$1.run(CloseableHttpAsyncClientBase.java:64)
	at java.lang.Thread.run(Thread.java:748)
2022-04-30 16:45:17.908,"ERROR" dispatch for GET "/error?profile=null&_=1651300596123&prj=demo", parameters={masked}
2022-04-30 16:45:17.909,"ERROR" dispatch for GET "/error?profile=null&_=1651300595223&prj=demo", parameters={masked}
2022-04-30 16:53:21.799,"ERROR" dispatch for GET "/error", parameters={}
2022-04-30 16:56:00.379,GET "/login", parameters={}
2022-04-30 16:56:05.298,aleix2 enters app
2022-04-30 16:56:05.390,GET "/StrategicIndicators/CurrentChart", parameters={}
2022-04-30 16:56:07.899,request [GET http://localhost:9200/strategic_indicators.demo/_search?typed_keys=true&ignore_unavailable=false&expand_wildcards=open&allow_no_indices=true&search_type=query_then_fetch&batched_reduce_size=512] failed
java.net.ConnectException: Timeout connecting to [localhost/127.0.0.1:9200]
	at org.apache.http.nio.pool.RouteSpecificPool.timeout(RouteSpecificPool.java:169)
	at org.apache.http.nio.pool.AbstractNIOConnPool.requestTimeout(AbstractNIOConnPool.java:628)
	at org.apache.http.nio.pool.AbstractNIOConnPool$InternalSessionRequestCallback.timeout(AbstractNIOConnPool.java:894)
	at org.apache.http.impl.nio.reactor.SessionRequestImpl.timeout(SessionRequestImpl.java:183)
	at org.apache.http.impl.nio.reactor.DefaultConnectingIOReactor.processTimeouts(DefaultConnectingIOReactor.java:210)
	at org.apache.http.impl.nio.reactor.DefaultConnectingIOReactor.processEvents(DefaultConnectingIOReactor.java:155)
	at org.apache.http.impl.nio.reactor.AbstractMultiworkerIOReactor.execute(AbstractMultiworkerIOReactor.java:351)
	at org.apache.http.impl.nio.conn.PoolingNHttpClientConnectionManager.execute(PoolingNHttpClientConnectionManager.java:221)
	at org.apache.http.impl.nio.client.CloseableHttpAsyncClientBase$1.run(CloseableHttpAsyncClientBase.java:64)
	at java.lang.Thread.run(Thread.java:748)
2022-04-30 16:56:07.909,"ERROR" dispatch for GET "/error?profile=null&_=1651330565676&prj=demo", parameters={masked}
2022-04-30 16:56:17.253,"ERROR" dispatch for GET "/error", parameters={}
2022-04-30 16:56:18.903,"ERROR" dispatch for GET "/error", parameters={}
2022-04-30 16:56:20.679,"ERROR" dispatch for GET "/error", parameters={}
2022-04-30 16:56:21.282,GET "/login", parameters={}
2022-04-30 16:56:25.512,aleix2 enters app
2022-04-30 16:56:25.563,GET "/StrategicIndicators/CurrentChart", parameters={}
2022-04-30 16:56:28.405,request [GET http://localhost:9200/strategic_indicators.demo/_search?typed_keys=true&ignore_unavailable=false&expand_wildcards=open&allow_no_indices=true&search_type=query_then_fetch&batched_reduce_size=512] failed
java.net.ConnectException: Timeout connecting to [localhost/127.0.0.1:9200]
	at org.apache.http.nio.pool.RouteSpecificPool.timeout(RouteSpecificPool.java:169)
	at org.apache.http.nio.pool.AbstractNIOConnPool.requestTimeout(AbstractNIOConnPool.java:628)
	at org.apache.http.nio.pool.AbstractNIOConnPool$InternalSessionRequestCallback.timeout(AbstractNIOConnPool.java:894)
	at org.apache.http.impl.nio.reactor.SessionRequestImpl.timeout(SessionRequestImpl.java:183)
	at org.apache.http.impl.nio.reactor.DefaultConnectingIOReactor.processTimeouts(DefaultConnectingIOReactor.java:210)
	at org.apache.http.impl.nio.reactor.DefaultConnectingIOReactor.processEvents(DefaultConnectingIOReactor.java:155)
	at org.apache.http.impl.nio.reactor.AbstractMultiworkerIOReactor.execute(AbstractMultiworkerIOReactor.java:351)
	at org.apache.http.impl.nio.conn.PoolingNHttpClientConnectionManager.execute(PoolingNHttpClientConnectionManager.java:221)
	at org.apache.http.impl.nio.client.CloseableHttpAsyncClientBase$1.run(CloseableHttpAsyncClientBase.java:64)
	at java.lang.Thread.run(Thread.java:748)
2022-04-30 16:56:28.407,"ERROR" dispatch for GET "/error?profile=null&_=1651330585778&prj=demo", parameters={masked}
2022-04-30 16:56:37.542,"ERROR" dispatch for GET "/error", parameters={}
2022-04-30 16:57:46.713,GET "/login", parameters={}
2022-04-30 16:57:52.701,aleix2 enters app
2022-04-30 16:57:52.812,GET "/StrategicIndicators/CurrentChart", parameters={}
2022-04-30 16:57:55.587,request [GET http://localhost:9200/strategic_indicators.demo/_search?typed_keys=true&ignore_unavailable=false&expand_wildcards=open&allow_no_indices=true&search_type=query_then_fetch&batched_reduce_size=512] failed
java.net.ConnectException: Timeout connecting to [localhost/127.0.0.1:9200]
	at org.apache.http.nio.pool.RouteSpecificPool.timeout(RouteSpecificPool.java:169)
	at org.apache.http.nio.pool.AbstractNIOConnPool.requestTimeout(AbstractNIOConnPool.java:628)
	at org.apache.http.nio.pool.AbstractNIOConnPool$InternalSessionRequestCallback.timeout(AbstractNIOConnPool.java:894)
	at org.apache.http.impl.nio.reactor.SessionRequestImpl.timeout(SessionRequestImpl.java:183)
	at org.apache.http.impl.nio.reactor.DefaultConnectingIOReactor.processTimeouts(DefaultConnectingIOReactor.java:210)
	at org.apache.http.impl.nio.reactor.DefaultConnectingIOReactor.processEvents(DefaultConnectingIOReactor.java:155)
	at org.apache.http.impl.nio.reactor.AbstractMultiworkerIOReactor.execute(AbstractMultiworkerIOReactor.java:351)
	at org.apache.http.impl.nio.conn.PoolingNHttpClientConnectionManager.execute(PoolingNHttpClientConnectionManager.java:221)
	at org.apache.http.impl.nio.client.CloseableHttpAsyncClientBase$1.run(CloseableHttpAsyncClientBase.java:64)
	at java.lang.Thread.run(Thread.java:748)
2022-04-30 16:57:55.594,"ERROR" dispatch for GET "/error?profile=null&_=1651330673262&prj=demo", parameters={masked}
2022-04-30 16:58:02.170,"ERROR" dispatch for GET "/error", parameters={}
2022-04-30 16:59:22.103,"ERROR" dispatch for GET "/error", parameters={}
2022-04-30 16:59:27.229,GET "/login", parameters={}
2022-04-30 16:59:31.841,aleix2 enters app
2022-04-30 16:59:31.937,GET "/StrategicIndicators/CurrentChart", parameters={}
2022-04-30 16:59:34.629,request [GET http://localhost:9200/strategic_indicators.demo/_search?typed_keys=true&ignore_unavailable=false&expand_wildcards=open&allow_no_indices=true&search_type=query_then_fetch&batched_reduce_size=512] failed
java.net.ConnectException: Timeout connecting to [localhost/127.0.0.1:9200]
	at org.apache.http.nio.pool.RouteSpecificPool.timeout(RouteSpecificPool.java:169)
	at org.apache.http.nio.pool.AbstractNIOConnPool.requestTimeout(AbstractNIOConnPool.java:628)
	at org.apache.http.nio.pool.AbstractNIOConnPool$InternalSessionRequestCallback.timeout(AbstractNIOConnPool.java:894)
	at org.apache.http.impl.nio.reactor.SessionRequestImpl.timeout(SessionRequestImpl.java:183)
	at org.apache.http.impl.nio.reactor.DefaultConnectingIOReactor.processTimeouts(DefaultConnectingIOReactor.java:210)
	at org.apache.http.impl.nio.reactor.DefaultConnectingIOReactor.processEvents(DefaultConnectingIOReactor.java:155)
	at org.apache.http.impl.nio.reactor.AbstractMultiworkerIOReactor.execute(AbstractMultiworkerIOReactor.java:351)
	at org.apache.http.impl.nio.conn.PoolingNHttpClientConnectionManager.execute(PoolingNHttpClientConnectionManager.java:221)
	at org.apache.http.impl.nio.client.CloseableHttpAsyncClientBase$1.run(CloseableHttpAsyncClientBase.java:64)
	at java.lang.Thread.run(Thread.java:748)
2022-04-30 16:59:34.631,"ERROR" dispatch for GET "/error?profile=null&_=1651330772349&prj=demo", parameters={masked}
2022-04-30 16:59:40.387,"ERROR" dispatch for GET "/error", parameters={}
2022-04-30 17:01:35.377,GET "/login", parameters={}
2022-04-30 17:01:41.244,aleix2 enters app
2022-04-30 17:01:41.354,GET "/StrategicIndicators/CurrentChart", parameters={}
2022-04-30 17:01:42.332,"ERROR" dispatch for GET "/error?t=1651330902304", parameters={masked}
2022-04-30 17:01:43.888,request [GET http://localhost:9200/strategic_indicators.demo/_search?typed_keys=true&ignore_unavailable=false&expand_wildcards=open&allow_no_indices=true&search_type=query_then_fetch&batched_reduce_size=512] failed
java.net.ConnectException: Timeout connecting to [localhost/127.0.0.1:9200]
	at org.apache.http.nio.pool.RouteSpecificPool.timeout(RouteSpecificPool.java:169)
	at org.apache.http.nio.pool.AbstractNIOConnPool.requestTimeout(AbstractNIOConnPool.java:628)
	at org.apache.http.nio.pool.AbstractNIOConnPool$InternalSessionRequestCallback.timeout(AbstractNIOConnPool.java:894)
	at org.apache.http.impl.nio.reactor.SessionRequestImpl.timeout(SessionRequestImpl.java:183)
	at org.apache.http.impl.nio.reactor.DefaultConnectingIOReactor.processTimeouts(DefaultConnectingIOReactor.java:210)
	at org.apache.http.impl.nio.reactor.DefaultConnectingIOReactor.processEvents(DefaultConnectingIOReactor.java:155)
	at org.apache.http.impl.nio.reactor.AbstractMultiworkerIOReactor.execute(AbstractMultiworkerIOReactor.java:351)
	at org.apache.http.impl.nio.conn.PoolingNHttpClientConnectionManager.execute(PoolingNHttpClientConnectionManager.java:221)
	at org.apache.http.impl.nio.client.CloseableHttpAsyncClientBase$1.run(CloseableHttpAsyncClientBase.java:64)
	at java.lang.Thread.run(Thread.java:748)
2022-04-30 17:01:43.890,"ERROR" dispatch for GET "/error?profile=null&_=1651330901753&prj=demo", parameters={masked}
2022-04-30 17:01:44.279,"ERROR" dispatch for GET "/error", parameters={}
2022-04-30 17:02:26.409,GET "/login", parameters={}
2022-04-30 17:02:30.994,aleix2 enters app
2022-04-30 17:02:31.090,GET "/StrategicIndicators/CurrentChart", parameters={}
2022-04-30 17:02:32.056,"ERROR" dispatch for GET "/error?t=1651330952009", parameters={masked}
2022-04-30 17:02:32.106,GET "/login?error=Session+timeout", parameters={masked}
2022-04-30 17:02:32.262,"ERROR" dispatch for GET "/error", parameters={}
2022-04-30 17:02:32.275,"ERROR" dispatch for POST "/error?t=1651330952267", parameters={masked}
2022-04-30 17:02:32.295,GET "/login?error=Session+timeout", parameters={masked}
2022-04-30 17:02:32.400,"ERROR" dispatch for POST "/error?t=1651330952394", parameters={masked}
2022-04-30 17:02:32.407,GET "/login?error=Session+timeout", parameters={masked}
2022-04-30 17:02:32.482,"ERROR" dispatch for POST "/error?t=1651330952476", parameters={masked}
2022-04-30 17:02:32.490,GET "/login?error=Session+timeout", parameters={masked}
2022-04-30 17:02:32.572,"ERROR" dispatch for POST "/error?t=1651330952566", parameters={masked}
2022-04-30 17:02:32.579,GET "/login?error=Session+timeout", parameters={masked}
2022-04-30 17:02:32.652,"ERROR" dispatch for POST "/error?t=1651330952647", parameters={masked}
2022-04-30 17:02:32.658,GET "/login?error=Session+timeout", parameters={masked}
2022-04-30 17:02:32.725,"ERROR" dispatch for POST "/error?t=1651330952719", parameters={masked}
2022-04-30 17:02:32.733,GET "/login?error=Session+timeout", parameters={masked}
2022-04-30 17:02:32.809,"ERROR" dispatch for POST "/error?t=1651330952803", parameters={masked}
2022-04-30 17:02:32.816,GET "/login?error=Session+timeout", parameters={masked}
2022-04-30 17:02:32.879,"ERROR" dispatch for POST "/error?t=1651330952873", parameters={masked}
2022-04-30 17:02:32.885,GET "/login?error=Session+timeout", parameters={masked}
2022-04-30 17:02:32.940,"ERROR" dispatch for POST "/error?t=1651330952935", parameters={masked}
2022-04-30 17:02:32.945,GET "/login?error=Session+timeout", parameters={masked}
2022-04-30 17:02:33.005,"ERROR" dispatch for POST "/error?t=1651330953001", parameters={masked}
2022-04-30 17:02:33.010,GET "/login?error=Session+timeout", parameters={masked}
2022-04-30 17:02:33.065,"ERROR" dispatch for POST "/error?t=1651330953061", parameters={masked}
2022-04-30 17:02:33.070,GET "/login?error=Session+timeout", parameters={masked}
2022-04-30 17:02:33.127,"ERROR" dispatch for POST "/error?t=1651330953122", parameters={masked}
2022-04-30 17:02:33.132,GET "/login?error=Session+timeout", parameters={masked}
2022-04-30 17:02:33.190,"ERROR" dispatch for POST "/error?t=1651330953183", parameters={masked}
2022-04-30 17:02:33.196,GET "/login?error=Session+timeout", parameters={masked}
2022-04-30 17:02:33.255,"ERROR" dispatch for POST "/error?t=1651330953250", parameters={masked}
2022-04-30 17:02:33.260,GET "/login?error=Session+timeout", parameters={masked}
2022-04-30 17:02:33.316,"ERROR" dispatch for POST "/error?t=1651330953312", parameters={masked}
2022-04-30 17:02:33.323,GET "/login?error=Session+timeout", parameters={masked}
2022-04-30 17:02:33.380,"ERROR" dispatch for POST "/error?t=1651330953375", parameters={masked}
2022-04-30 17:02:33.386,GET "/login?error=Session+timeout", parameters={masked}
2022-04-30 17:02:33.442,"ERROR" dispatch for POST "/error?t=1651330953438", parameters={masked}
2022-04-30 17:02:33.448,GET "/login?error=Session+timeout", parameters={masked}
2022-04-30 17:02:33.509,"ERROR" dispatch for POST "/error?t=1651330953504", parameters={masked}
2022-04-30 17:02:33.514,GET "/login?error=Session+timeout", parameters={masked}
2022-04-30 17:02:33.574,"ERROR" dispatch for POST "/error?t=1651330953570", parameters={masked}
2022-04-30 17:02:33.580,GET "/login?error=Session+timeout", parameters={masked}
2022-04-30 17:02:33.642,"ERROR" dispatch for POST "/error?t=1651330953638", parameters={masked}
2022-04-30 17:02:33.647,GET "/login?error=Session+timeout", parameters={masked}
2022-04-30 17:02:33.707,"ERROR" dispatch for POST "/error?t=1651330953702", parameters={masked}
2022-04-30 17:02:33.712,GET "/login?error=Session+timeout", parameters={masked}
2022-04-30 17:02:33.776,"ERROR" dispatch for POST "/error?t=1651330953772", parameters={masked}
2022-04-30 17:02:33.790,GET "/login?error=Session+timeout", parameters={masked}
2022-04-30 17:02:33.838,request [GET http://localhost:9200/strategic_indicators.demo/_search?typed_keys=true&ignore_unavailable=false&expand_wildcards=open&allow_no_indices=true&search_type=query_then_fetch&batched_reduce_size=512] failed
java.net.ConnectException: Timeout connecting to [localhost/127.0.0.1:9200]
	at org.apache.http.nio.pool.RouteSpecificPool.timeout(RouteSpecificPool.java:169)
	at org.apache.http.nio.pool.AbstractNIOConnPool.requestTimeout(AbstractNIOConnPool.java:628)
	at org.apache.http.nio.pool.AbstractNIOConnPool$InternalSessionRequestCallback.timeout(AbstractNIOConnPool.java:894)
	at org.apache.http.impl.nio.reactor.SessionRequestImpl.timeout(SessionRequestImpl.java:183)
	at org.apache.http.impl.nio.reactor.DefaultConnectingIOReactor.processTimeouts(DefaultConnectingIOReactor.java:210)
	at org.apache.http.impl.nio.reactor.DefaultConnectingIOReactor.processEvents(DefaultConnectingIOReactor.java:155)
	at org.apache.http.impl.nio.reactor.AbstractMultiworkerIOReactor.execute(AbstractMultiworkerIOReactor.java:351)
	at org.apache.http.impl.nio.conn.PoolingNHttpClientConnectionManager.execute(PoolingNHttpClientConnectionManager.java:221)
	at org.apache.http.impl.nio.client.CloseableHttpAsyncClientBase$1.run(CloseableHttpAsyncClientBase.java:64)
	at java.lang.Thread.run(Thread.java:748)
2022-04-30 17:02:33.844,"ERROR" dispatch for GET "/error?profile=null&_=1651330951476&prj=demo", parameters={masked}
2022-04-30 17:02:33.851,"ERROR" dispatch for POST "/error?t=1651330953846", parameters={masked}
2022-04-30 17:02:33.858,GET "/login?error=Session+timeout", parameters={masked}
2022-04-30 17:02:33.917,"ERROR" dispatch for POST "/error?t=1651330953913", parameters={masked}
2022-04-30 17:02:33.923,GET "/login?error=Session+timeout", parameters={masked}
2022-04-30 17:02:33.979,"ERROR" dispatch for POST "/error?t=1651330953976", parameters={masked}
2022-04-30 17:02:33.984,GET "/login?error=Session+timeout", parameters={masked}
2022-04-30 17:02:34.040,"ERROR" dispatch for POST "/error?t=1651330954035", parameters={masked}
2022-04-30 17:02:34.045,GET "/login?error=Session+timeout", parameters={masked}
2022-04-30 17:02:34.106,"ERROR" dispatch for POST "/error?t=1651330954102", parameters={masked}
2022-04-30 17:02:34.111,GET "/login?error=Session+timeout", parameters={masked}
2022-04-30 17:02:34.168,"ERROR" dispatch for POST "/error?t=1651330954163", parameters={masked}
2022-04-30 17:02:34.174,GET "/login?error=Session+timeout", parameters={masked}
2022-04-30 17:02:34.228,"ERROR" dispatch for POST "/error?t=1651330954224", parameters={masked}
2022-04-30 17:02:34.235,GET "/login?error=Session+timeout", parameters={masked}
2022-04-30 17:02:34.291,"ERROR" dispatch for POST "/error?t=1651330954287", parameters={masked}
2022-04-30 17:02:34.297,GET "/login?error=Session+timeout", parameters={masked}
2022-04-30 17:02:34.351,"ERROR" dispatch for POST "/error?t=1651330954346", parameters={masked}
2022-04-30 17:02:34.356,GET "/login?error=Session+timeout", parameters={masked}
2022-04-30 17:02:34.414,"ERROR" dispatch for POST "/error?t=1651330954408", parameters={masked}
2022-04-30 17:02:34.420,GET "/login?error=Session+timeout", parameters={masked}
2022-04-30 17:02:34.481,"ERROR" dispatch for POST "/error?t=1651330954476", parameters={masked}
2022-04-30 17:02:34.487,GET "/login?error=Session+timeout", parameters={masked}
2022-04-30 17:02:34.536,"ERROR" dispatch for GET "/error", parameters={}
2022-04-30 17:02:34.549,GET "/login?error=Session+timeout", parameters={masked}
2022-04-30 17:02:34.550,"ERROR" dispatch for POST "/error?t=1651330954543", parameters={masked}
2022-04-30 17:02:34.554,"ERROR" dispatch for GET "/error", parameters={}
2022-04-30 17:02:34.563,GET "/login?error=Session+timeout", parameters={masked}
2022-04-30 17:02:34.564,GET "/login?error=Session+timeout", parameters={masked}
2022-04-30 17:02:34.634,"ERROR" dispatch for POST "/error?t=1651330954629", parameters={masked}
2022-04-30 17:02:34.646,GET "/login?error=Session+timeout", parameters={masked}
2022-04-30 17:02:34.703,"ERROR" dispatch for GET "/error", parameters={}
2022-04-30 17:02:34.714,GET "/login?error=Session+timeout", parameters={masked}
2022-04-30 17:02:34.721,"ERROR" dispatch for POST "/error?t=1651330954716", parameters={masked}
2022-04-30 17:02:34.775,GET "/login?error=Session+timeout", parameters={masked}
